[Sat May 06 09:20:37.678286 2023] [ssl:warn] [pid 9996:tid 408] AH01909: www.example.com:443:0 server certificate does NOT include an ID which matches the server name
[Sat May 06 09:20:37.726775 2023] [ssl:warn] [pid 9996:tid 408] AH01909: www.example.com:443:0 server certificate does NOT include an ID which matches the server name
[Sat May 06 09:20:37.781741 2023] [mpm_winnt:notice] [pid 9996:tid 408] AH00455: Apache/2.4.56 (Win64) OpenSSL/1.1.1t PHP/8.2.4 configured -- resuming normal operations
[Sat May 06 09:20:37.781741 2023] [mpm_winnt:notice] [pid 9996:tid 408] AH00456: Apache Lounge VS16 Server built: Mar  7 2023 13:21:03
[Sat May 06 09:20:37.781741 2023] [core:notice] [pid 9996:tid 408] AH00094: Command line: 'C:\\xampp\\apache\\bin\\httpd.exe -d C:/xampp/apache'
[Sat May 06 09:20:37.788736 2023] [mpm_winnt:notice] [pid 9996:tid 408] AH00418: Parent: Created child process 23224
[Sat May 06 09:20:38.430506 2023] [ssl:warn] [pid 23224:tid 436] AH01909: www.example.com:443:0 server certificate does NOT include an ID which matches the server name
[Sat May 06 09:20:38.483470 2023] [ssl:warn] [pid 23224:tid 436] AH01909: www.example.com:443:0 server certificate does NOT include an ID which matches the server name
[Sat May 06 09:20:38.545426 2023] [mpm_winnt:notice] [pid 23224:tid 436] AH00354: Child: Starting 150 worker threads.
[Sat May 06 09:21:48.402940 2023] [ssl:warn] [pid 18856:tid 472] AH01909: www.example.com:443:0 server certificate does NOT include an ID which matches the server name
[Sat May 06 09:21:48.448908 2023] [ssl:warn] [pid 18856:tid 472] AH01909: www.example.com:443:0 server certificate does NOT include an ID which matches the server name
[Sat May 06 09:21:48.493877 2023] [mpm_winnt:notice] [pid 18856:tid 472] AH00455: Apache/2.4.56 (Win64) OpenSSL/1.1.1t PHP/8.2.4 configured -- resuming normal operations
[Sat May 06 09:21:48.494877 2023] [mpm_winnt:notice] [pid 18856:tid 472] AH00456: Apache Lounge VS16 Server built: Mar  7 2023 13:21:03
[Sat May 06 09:21:48.494877 2023] [core:notice] [pid 18856:tid 472] AH00094: Command line: 'c:\\xampp\\apache\\bin\\httpd.exe -d C:/xampp/apache'
[Sat May 06 09:21:48.500871 2023] [mpm_winnt:notice] [pid 18856:tid 472] AH00418: Parent: Created child process 22368
[Sat May 06 09:21:49.089458 2023] [ssl:warn] [pid 22368:tid 460] AH01909: www.example.com:443:0 server certificate does NOT include an ID which matches the server name
[Sat May 06 09:21:49.131429 2023] [ssl:warn] [pid 22368:tid 460] AH01909: www.example.com:443:0 server certificate does NOT include an ID which matches the server name
[Sat May 06 09:21:49.178396 2023] [mpm_winnt:notice] [pid 22368:tid 460] AH00354: Child: Starting 150 worker threads.
[Sat May 06 09:26:05.641183 2023] [ssl:warn] [pid 18996:tid 436] AH01909: www.example.com:443:0 server certificate does NOT include an ID which matches the server name
[Sat May 06 09:26:05.686153 2023] [core:warn] [pid 18996:tid 436] AH00098: pid file C:/xampp/apache/logs/httpd.pid overwritten -- Unclean shutdown of previous Apache run?
[Sat May 06 09:26:05.689149 2023] [ssl:warn] [pid 18996:tid 436] AH01909: www.example.com:443:0 server certificate does NOT include an ID which matches the server name
[Sat May 06 09:26:05.735118 2023] [mpm_winnt:notice] [pid 18996:tid 436] AH00455: Apache/2.4.56 (Win64) OpenSSL/1.1.1t PHP/8.2.4 configured -- resuming normal operations
[Sat May 06 09:26:05.735118 2023] [mpm_winnt:notice] [pid 18996:tid 436] AH00456: Apache Lounge VS16 Server built: Mar  7 2023 13:21:03
[Sat May 06 09:26:05.735118 2023] [core:notice] [pid 18996:tid 436] AH00094: Command line: 'c:\\xampp\\apache\\bin\\httpd.exe -d C:/xampp/apache'
[Sat May 06 09:26:05.742112 2023] [mpm_winnt:notice] [pid 18996:tid 436] AH00418: Parent: Created child process 19592
[Sat May 06 09:26:06.349684 2023] [ssl:warn] [pid 19592:tid 436] AH01909: www.example.com:443:0 server certificate does NOT include an ID which matches the server name
[Sat May 06 09:26:06.395653 2023] [ssl:warn] [pid 19592:tid 436] AH01909: www.example.com:443:0 server certificate does NOT include an ID which matches the server name
[Sat May 06 09:26:06.444619 2023] [mpm_winnt:notice] [pid 19592:tid 436] AH00354: Child: Starting 150 worker threads.
[Sat May 06 09:27:06.094067 2023] [ssl:warn] [pid 22392:tid 440] AH01909: www.example.com:443:0 server certificate does NOT include an ID which matches the server name
[Sat May 06 09:27:06.145030 2023] [core:warn] [pid 22392:tid 440] AH00098: pid file C:/xampp/apache/logs/httpd.pid overwritten -- Unclean shutdown of previous Apache run?
[Sat May 06 09:27:06.148028 2023] [ssl:warn] [pid 22392:tid 440] AH01909: www.example.com:443:0 server certificate does NOT include an ID which matches the server name
[Sat May 06 09:27:06.194996 2023] [mpm_winnt:notice] [pid 22392:tid 440] AH00455: Apache/2.4.56 (Win64) OpenSSL/1.1.1t PHP/8.2.4 configured -- resuming normal operations
[Sat May 06 09:27:06.194996 2023] [mpm_winnt:notice] [pid 22392:tid 440] AH00456: Apache Lounge VS16 Server built: Mar  7 2023 13:21:03
[Sat May 06 09:27:06.194996 2023] [core:notice] [pid 22392:tid 440] AH00094: Command line: 'c:\\xampp\\apache\\bin\\httpd.exe -d C:/xampp/apache'
[Sat May 06 09:27:06.201991 2023] [mpm_winnt:notice] [pid 22392:tid 440] AH00418: Parent: Created child process 10964
[Sat May 06 09:27:06.822694 2023] [ssl:warn] [pid 10964:tid 460] AH01909: www.example.com:443:0 server certificate does NOT include an ID which matches the server name
[Sat May 06 09:27:06.868819 2023] [ssl:warn] [pid 10964:tid 460] AH01909: www.example.com:443:0 server certificate does NOT include an ID which matches the server name
[Sat May 06 09:27:06.915879 2023] [mpm_winnt:notice] [pid 10964:tid 460] AH00354: Child: Starting 150 worker threads.
[Sat May 06 09:29:54.863579 2023] [ssl:warn] [pid 18096:tid 432] AH01909: www.example.com:443:0 server certificate does NOT include an ID which matches the server name
[Sat May 06 09:29:54.916541 2023] [core:warn] [pid 18096:tid 432] AH00098: pid file C:/xampp/apache/logs/httpd.pid overwritten -- Unclean shutdown of previous Apache run?
[Sat May 06 09:29:54.920539 2023] [ssl:warn] [pid 18096:tid 432] AH01909: www.example.com:443:0 server certificate does NOT include an ID which matches the server name
[Sat May 06 09:29:54.969504 2023] [mpm_winnt:notice] [pid 18096:tid 432] AH00455: Apache/2.4.56 (Win64) OpenSSL/1.1.1t PHP/8.2.4 configured -- resuming normal operations
[Sat May 06 09:29:54.969504 2023] [mpm_winnt:notice] [pid 18096:tid 432] AH00456: Apache Lounge VS16 Server built: Mar  7 2023 13:21:03
[Sat May 06 09:29:54.969504 2023] [core:notice] [pid 18096:tid 432] AH00094: Command line: 'c:\\xampp\\apache\\bin\\httpd.exe -d C:/xampp/apache'
[Sat May 06 09:29:54.977498 2023] [mpm_winnt:notice] [pid 18096:tid 432] AH00418: Parent: Created child process 11328
[Sat May 06 09:29:55.702193 2023] [ssl:warn] [pid 11328:tid 444] AH01909: www.example.com:443:0 server certificate does NOT include an ID which matches the server name
[Sat May 06 09:29:55.752158 2023] [ssl:warn] [pid 11328:tid 444] AH01909: www.example.com:443:0 server certificate does NOT include an ID which matches the server name
[Sat May 06 09:29:55.805121 2023] [mpm_winnt:notice] [pid 11328:tid 444] AH00354: Child: Starting 150 worker threads.
[Mon May 08 15:19:35.899578 2023] [ssl:warn] [pid 24180:tid 428] AH01909: www.example.com:443:0 server certificate does NOT include an ID which matches the server name
[Mon May 08 15:19:35.939549 2023] [core:warn] [pid 24180:tid 428] AH00098: pid file C:/xampp/apache/logs/httpd.pid overwritten -- Unclean shutdown of previous Apache run?
[Mon May 08 15:19:35.942547 2023] [ssl:warn] [pid 24180:tid 428] AH01909: www.example.com:443:0 server certificate does NOT include an ID which matches the server name
[Mon May 08 15:19:36.244344 2023] [mpm_winnt:notice] [pid 24180:tid 428] AH00455: Apache/2.4.56 (Win64) OpenSSL/1.1.1t PHP/8.2.4 configured -- resuming normal operations
[Mon May 08 15:19:36.244344 2023] [mpm_winnt:notice] [pid 24180:tid 428] AH00456: Apache Lounge VS16 Server built: Mar  7 2023 13:21:03
[Mon May 08 15:19:36.244344 2023] [core:notice] [pid 24180:tid 428] AH00094: Command line: 'c:\\xampp\\apache\\bin\\httpd.exe -d C:/xampp/apache'
[Mon May 08 15:19:36.249340 2023] [mpm_winnt:notice] [pid 24180:tid 428] AH00418: Parent: Created child process 2848
[Mon May 08 15:19:36.695696 2023] [ssl:warn] [pid 2848:tid 436] AH01909: www.example.com:443:0 server certificate does NOT include an ID which matches the server name
[Mon May 08 15:19:36.737260 2023] [ssl:warn] [pid 2848:tid 436] AH01909: www.example.com:443:0 server certificate does NOT include an ID which matches the server name
[Mon May 08 15:19:36.784228 2023] [mpm_winnt:notice] [pid 2848:tid 436] AH00354: Child: Starting 150 worker threads.
